# Logfile created on 2013-12-30 01:52:43 -0500 by logger.rb/44203
I, [2013-12-30T01:52:43.604814 #19518]  INFO -- : 0:  i18n (0.6.9) from /Users/pruett/.rbenv/versions/2.1.0/lib/ruby/gems/2.1.0/specifications/i18n-0.6.9.gemspec
I, [2013-12-30T01:52:43.605278 #19518]  INFO -- : 0:  minitest (4.7.5) from /Users/pruett/.rbenv/versions/2.1.0/lib/ruby/gems/2.1.0/specifications/default/minitest-4.7.5.gemspec
I, [2013-12-30T01:52:43.605637 #19518]  INFO -- : 0:  multi_json (1.8.2) from /Users/pruett/.rbenv/versions/2.1.0/lib/ruby/gems/2.1.0/specifications/multi_json-1.8.2.gemspec
I, [2013-12-30T01:52:43.605955 #19518]  INFO -- : 0:  atomic (1.1.14) from /Users/pruett/.rbenv/versions/2.1.0/lib/ruby/gems/2.1.0/specifications/atomic-1.1.14.gemspec
I, [2013-12-30T01:52:43.606275 #19518]  INFO -- : 0:  thread_safe (0.1.3) from /Users/pruett/.rbenv/versions/2.1.0/lib/ruby/gems/2.1.0/specifications/thread_safe-0.1.3.gemspec
I, [2013-12-30T01:52:43.606601 #19518]  INFO -- : 0:  tzinfo (0.3.38) from /Users/pruett/.rbenv/versions/2.1.0/lib/ruby/gems/2.1.0/specifications/tzinfo-0.3.38.gemspec
I, [2013-12-30T01:52:43.606928 #19518]  INFO -- : 0:  activesupport (4.0.2) from /Users/pruett/.rbenv/versions/2.1.0/lib/ruby/gems/2.1.0/specifications/activesupport-4.0.2.gemspec
I, [2013-12-30T01:52:43.607227 #19518]  INFO -- : 0:  builder (3.1.4) from /Users/pruett/.rbenv/versions/2.1.0/lib/ruby/gems/2.1.0/specifications/builder-3.1.4.gemspec
I, [2013-12-30T01:52:43.607540 #19518]  INFO -- : 0:  activemodel (4.0.2) from /Users/pruett/.rbenv/versions/2.1.0/lib/ruby/gems/2.1.0/specifications/activemodel-4.0.2.gemspec
I, [2013-12-30T01:52:43.607861 #19518]  INFO -- : 0:  activerecord-deprecated_finders (1.0.3) from /Users/pruett/.rbenv/versions/2.1.0/lib/ruby/gems/2.1.0/specifications/activerecord-deprecated_finders-1.0.3.gemspec
I, [2013-12-30T01:52:43.608157 #19518]  INFO -- : 0:  arel (4.0.1) from /Users/pruett/.rbenv/versions/2.1.0/lib/ruby/gems/2.1.0/specifications/arel-4.0.1.gemspec
I, [2013-12-30T01:52:43.608469 #19518]  INFO -- : 0:  activerecord (4.0.2) from /Users/pruett/.rbenv/versions/2.1.0/lib/ruby/gems/2.1.0/specifications/activerecord-4.0.2.gemspec
I, [2013-12-30T01:52:43.608783 #19518]  INFO -- : 0:  descendants_tracker (0.0.3) from /Users/pruett/.rbenv/versions/2.1.0/lib/ruby/gems/2.1.0/specifications/descendants_tracker-0.0.3.gemspec
I, [2013-12-30T01:52:43.609119 #19518]  INFO -- : 0:  ice_nine (0.11.0) from /Users/pruett/.rbenv/versions/2.1.0/lib/ruby/gems/2.1.0/specifications/ice_nine-0.11.0.gemspec
I, [2013-12-30T01:52:43.609427 #19518]  INFO -- : 0:  axiom-types (0.0.5) from /Users/pruett/.rbenv/versions/2.1.0/lib/ruby/gems/2.1.0/specifications/axiom-types-0.0.5.gemspec
I, [2013-12-30T01:52:43.609743 #19518]  INFO -- : 0:  bcrypt-ruby (3.1.2) from /Users/pruett/.rbenv/versions/2.1.0/lib/ruby/gems/2.1.0/specifications/bcrypt-ruby-3.1.2.gemspec
I, [2013-12-30T01:52:43.610069 #19518]  INFO -- : 0:  columnize (0.3.6) from /Users/pruett/.rbenv/versions/2.1.0/lib/ruby/gems/2.1.0/specifications/columnize-0.3.6.gemspec
I, [2013-12-30T01:52:43.610371 #19518]  INFO -- : 0:  debugger-linecache (1.2.0) from /Users/pruett/.rbenv/versions/2.1.0/lib/ruby/gems/2.1.0/specifications/debugger-linecache-1.2.0.gemspec
I, [2013-12-30T01:52:43.610686 #19518]  INFO -- : 0:  byebug (2.5.0) from /Users/pruett/.rbenv/versions/2.1.0/lib/ruby/gems/2.1.0/specifications/byebug-2.5.0.gemspec
I, [2013-12-30T01:52:43.610997 #19518]  INFO -- : 0:  coderay (1.1.0) from /Users/pruett/.rbenv/versions/2.1.0/lib/ruby/gems/2.1.0/specifications/coderay-1.1.0.gemspec
I, [2013-12-30T01:52:43.611301 #19518]  INFO -- : 0:  coercible (1.0.0) from /Users/pruett/.rbenv/versions/2.1.0/lib/ruby/gems/2.1.0/specifications/coercible-1.0.0.gemspec
I, [2013-12-30T01:52:43.611606 #19518]  INFO -- : 0:  database_cleaner (1.2.0) from /Users/pruett/.rbenv/versions/2.1.0/lib/ruby/gems/2.1.0/specifications/database_cleaner-1.2.0.gemspec
I, [2013-12-30T01:52:43.611906 #19518]  INFO -- : 0:  diff-lcs (1.2.5) from /Users/pruett/.rbenv/versions/2.1.0/lib/ruby/gems/2.1.0/specifications/diff-lcs-1.2.5.gemspec
I, [2013-12-30T01:52:43.612253 #19518]  INFO -- : 0:  dotenv (0.9.0) from /Users/pruett/.rbenv/versions/2.1.0/lib/ruby/gems/2.1.0/specifications/dotenv-0.9.0.gemspec
I, [2013-12-30T01:52:43.612582 #19518]  INFO -- : 0:  equalizer (0.0.9) from /Users/pruett/.rbenv/versions/2.1.0/lib/ruby/gems/2.1.0/specifications/equalizer-0.0.9.gemspec
I, [2013-12-30T01:52:43.612880 #19518]  INFO -- : 0:  hashie (2.0.5) from /Users/pruett/.rbenv/versions/2.1.0/lib/ruby/gems/2.1.0/specifications/hashie-2.0.5.gemspec
I, [2013-12-30T01:52:43.613179 #19518]  INFO -- : 0:  multi_xml (0.5.5) from /Users/pruett/.rbenv/versions/2.1.0/lib/ruby/gems/2.1.0/specifications/multi_xml-0.5.5.gemspec
I, [2013-12-30T01:52:43.613526 #19518]  INFO -- : 0:  rack (1.5.2) from /Users/pruett/.rbenv/versions/2.1.0/lib/ruby/gems/2.1.0/specifications/rack-1.5.2.gemspec
I, [2013-12-30T01:52:43.613821 #19518]  INFO -- : 0:  rack-accept (0.4.5) from /Users/pruett/.rbenv/versions/2.1.0/lib/ruby/gems/2.1.0/specifications/rack-accept-0.4.5.gemspec
I, [2013-12-30T01:52:43.614134 #19518]  INFO -- : 0:  rack-mount (0.8.3) from /Users/pruett/.rbenv/versions/2.1.0/lib/ruby/gems/2.1.0/specifications/rack-mount-0.8.3.gemspec
I, [2013-12-30T01:52:43.614445 #19518]  INFO -- : 0:  virtus (1.0.1) from /Users/pruett/.rbenv/versions/2.1.0/lib/ruby/gems/2.1.0/specifications/virtus-1.0.1.gemspec
I, [2013-12-30T01:52:43.615217 #19518]  INFO -- : 0:  grape (0.6.1) from /Users/pruett/.rbenv/versions/2.1.0/lib/ruby/gems/2.1.0/specifications/grape-0.6.1.gemspec
I, [2013-12-30T01:52:43.615837 #19518]  INFO -- : 0:  grape-entity (0.3.0) from /Users/pruett/.rbenv/versions/2.1.0/lib/ruby/gems/2.1.0/specifications/grape-entity-0.3.0.gemspec
I, [2013-12-30T01:52:43.616462 #19518]  INFO -- : 0:  json (1.8.1) from /Users/pruett/.rbenv/versions/2.1.0/lib/ruby/gems/2.1.0/specifications/default/json-1.8.1.gemspec
I, [2013-12-30T01:52:43.617041 #19518]  INFO -- : 0:  method_source (0.8.2) from /Users/pruett/.rbenv/versions/2.1.0/lib/ruby/gems/2.1.0/specifications/method_source-0.8.2.gemspec
I, [2013-12-30T01:52:43.617635 #19518]  INFO -- : 0:  pg (0.17.1) from /Users/pruett/.rbenv/versions/2.1.0/lib/ruby/gems/2.1.0/specifications/pg-0.17.1.gemspec
I, [2013-12-30T01:52:43.618276 #19518]  INFO -- : 0:  slop (3.4.7) from /Users/pruett/.rbenv/versions/2.1.0/lib/ruby/gems/2.1.0/specifications/slop-3.4.7.gemspec
I, [2013-12-30T01:52:43.618807 #19518]  INFO -- : 0:  pry (0.9.12.4) from /Users/pruett/.rbenv/versions/2.1.0/lib/ruby/gems/2.1.0/specifications/pry-0.9.12.4.gemspec
I, [2013-12-30T01:52:45.394938 #19518]  INFO -- : 0:  pry-byebug (1.2.0) from /Users/pruett/.rbenv/versions/2.1.0/lib/ruby/gems/2.1.0/specifications/pry-byebug-1.2.0.gemspec
I, [2013-12-30T01:52:45.395488 #19518]  INFO -- : 0:  rack-test (0.6.2) from /Users/pruett/.rbenv/versions/2.1.0/lib/ruby/gems/2.1.0/specifications/rack-test-0.6.2.gemspec
I, [2013-12-30T01:52:45.395911 #19518]  INFO -- : 0:  racksh (1.0.0) from /Users/pruett/.rbenv/versions/2.1.0/lib/ruby/gems/2.1.0/specifications/racksh-1.0.0.gemspec
I, [2013-12-30T01:52:45.396380 #19518]  INFO -- : 0:  rspec-support (3.0.0.beta1) from /Users/pruett/.rbenv/versions/2.1.0/lib/ruby/gems/2.1.0/specifications/rspec-support-3.0.0.beta1.gemspec
I, [2013-12-30T01:52:45.396753 #19518]  INFO -- : 0:  rspec-core (3.0.0.beta1) from /Users/pruett/.rbenv/versions/2.1.0/lib/ruby/gems/2.1.0/specifications/rspec-core-3.0.0.beta1.gemspec
I, [2013-12-30T01:52:45.397130 #19518]  INFO -- : 0:  rspec-expectations (3.0.0.beta1) from /Users/pruett/.rbenv/versions/2.1.0/lib/ruby/gems/2.1.0/specifications/rspec-expectations-3.0.0.beta1.gemspec
I, [2013-12-30T01:52:45.397488 #19518]  INFO -- : 0:  rspec-mocks (3.0.0.beta1) from /Users/pruett/.rbenv/versions/2.1.0/lib/ruby/gems/2.1.0/specifications/rspec-mocks-3.0.0.beta1.gemspec
I, [2013-12-30T01:52:45.412341 #19518]  INFO -- : 0:  rspec (3.0.0.beta1) from /Users/pruett/.rbenv/versions/2.1.0/lib/ruby/gems/2.1.0/bundler/gems/rspec-d20dee9d2bd6/rspec.gemspec
I, [2013-12-30T01:52:45.412835 #19518]  INFO -- : 0:  warden (1.2.3) from /Users/pruett/.rbenv/versions/2.1.0/lib/ruby/gems/2.1.0/specifications/warden-1.2.3.gemspec
I, [2013-12-30T01:52:45.413229 #19518]  INFO -- : 0:  bundler (1.5.0) from /Users/pruett/.rbenv/versions/2.1.0/lib/ruby/gems/2.1.0/specifications/bundler-1.5.0.gemspec
